<?xml version="1.0" encoding="UTF-8"?>
<!-- Generated by org.testng.reporters.JUnitReportReporter -->
<testsuite hostname="Raju" failures="0" tests="1" name="com.hrms.testscripts.Tc002_AddNewEmp" time="19.147" errors="0" timestamp="3 Aug 2022 06:14:42 GMT">
  <testcase classname="com.hrms.testscripts.Tc002_AddNewEmp" name="tc002" time="19.147"/>
</testsuite> <!-- com.hrms.testscripts.Tc002_AddNewEmp -->
