<?xml version="1.0" encoding="UTF-8"?>
<!-- Generated by org.testng.reporters.JUnitReportReporter -->
<testsuite hostname="Raju" failures="0" tests="1" name="com.hrms.testscripts.TC003" time="25.169" errors="0" timestamp="2 Aug 2022 09:17:38 GMT">
  <testcase classname="com.hrms.testscripts.TC003" name="tc003" time="25.169"/>
</testsuite> <!-- com.hrms.testscripts.TC003 -->
