<?xml version="1.0" encoding="UTF-8"?>
<!-- Generated by org.testng.reporters.JUnitReportReporter -->
<testsuite hostname="Raju" failures="0" tests="1" name="com.hrms.testscripts.Tc006AdminQualiEdu" time="18.891" errors="0" timestamp="17 Aug 2022 09:44:11 GMT">
  <testcase classname="com.hrms.testscripts.Tc006AdminQualiEdu" name="tc006" time="18.891"/>
</testsuite> <!-- com.hrms.testscripts.Tc006AdminQualiEdu -->
