<?xml version="1.0" encoding="UTF-8"?>
<!-- Generated by org.testng.reporters.JUnitReportReporter -->
<testsuite hostname="Raju" failures="0" tests="1" name="com.hrms.testscripts.TC003" time="21.334" errors="0" timestamp="5 Aug 2022 08:14:18 GMT">
  <testcase classname="com.hrms.testscripts.TC003" name="tc003" time="21.334"/>
</testsuite> <!-- com.hrms.testscripts.TC003 -->
