<?xml version="1.0" encoding="UTF-8"?>
<!-- Generated by org.testng.reporters.JUnitReportReporter -->
<testsuite hostname="Raju" failures="0" tests="1" name="com.hrms.testscripts.Tc009changePW" time="12.988" errors="0" timestamp="3 Aug 2022 09:16:27 GMT">
  <testcase classname="com.hrms.testscripts.Tc009changePW" name="tc009" time="12.988"/>
</testsuite> <!-- com.hrms.testscripts.Tc009changePW -->
