<?xml version="1.0" encoding="UTF-8"?>
<!-- Generated by org.testng.reporters.JUnitReportReporter -->
<testsuite hostname="Raju" failures="0" tests="1" name="com.hrms.testscripts.Tc002_AddNewEmp" time="47.510" errors="0" timestamp="22 Aug 2022 09:00:34 GMT">
  <testcase classname="com.hrms.testscripts.Tc002_AddNewEmp" name="tc002" time="47.510"/>
</testsuite> <!-- com.hrms.testscripts.Tc002_AddNewEmp -->
